[0.014s] Invoking command in '/home/navneeth/ros2_ws/build/my_robot_interfaces': CMAKE_PREFIX_PATH=/home/navneeth/ros2_ws/install/my_robot_interfaces:/home/navneeth/ros2_ws/install/my_py_pkg:/opt/ros/foxy:/opt/ros/noetic /usr/bin/cmake --build /home/navneeth/ros2_ws/build/my_robot_interfaces -- -j8 -l8
[0.038s] -- Found ament_cmake: 0.9.9 (/opt/ros/foxy/share/ament_cmake/cmake)
[0.064s] -- Found PythonInterp: /usr/bin/python3 (found suitable version "3.8.10", minimum required is "3") 
[0.064s] -- Using PYTHON_EXECUTABLE: /usr/bin/python3
[0.272s] -- Found rosidl_default_generators: 1.0.1 (/opt/ros/foxy/share/rosidl_default_generators/cmake)
[0.274s] -- Using all available rosidl_typesupport_c: rosidl_typesupport_fastrtps_c;rosidl_typesupport_introspection_c
[0.278s] -- Found rosidl_adapter: 1.2.1 (/opt/ros/foxy/share/rosidl_adapter/cmake)
[0.399s] -- Using all available rosidl_typesupport_cpp: rosidl_typesupport_fastrtps_cpp;rosidl_typesupport_introspection_cpp
[0.443s] -- Found PythonInterp: /usr/bin/python3 (found version "3.8.10") 
[0.606s] CMake Error at /opt/ros/foxy/share/rosidl_adapter/cmake/rosidl_adapt_interfaces.cmake:60 (message):
[0.606s]   execute_process(/usr/bin/python3 -m rosidl_adapter --package-name
[0.606s]   my_robot_interfaces --arguments-file
[0.606s]   /home/navneeth/ros2_ws/build/my_robot_interfaces/rosidl_adapter__arguments__my_robot_interfaces.json
[0.606s]   --output-dir
[0.607s]   /home/navneeth/ros2_ws/build/my_robot_interfaces/rosidl_adapter/my_robot_interfaces
[0.607s]   --output-file
[0.607s]   /home/navneeth/ros2_ws/build/my_robot_interfaces/rosidl_adapter/my_robot_interfaces.idls)
[0.607s]   returned error code 1:
[0.607s] 
[0.607s]   Traceback (most recent call last):
[0.607s] 
[0.607s]     File "/usr/lib/python3.8/runpy.py", line 194, in _run_module_as_main
[0.607s]       return _run_code(code, main_globals, None,
[0.607s]     File "/usr/lib/python3.8/runpy.py", line 87, in _run_code
[0.607s]       exec(code, run_globals)
[0.607s]     File "/opt/ros/foxy/lib/python3.8/site-packages/rosidl_adapter/__main__.py", line 19, in <module>
[0.607s]       sys.exit(main())
[0.607s]     File "/opt/ros/foxy/lib/python3.8/site-packages/rosidl_adapter/main.py", line 53, in main
[0.607s]       abs_idl_file = convert_to_idl(
[0.608s]     File "/opt/ros/foxy/lib/python3.8/site-packages/rosidl_adapter/__init__.py", line 24, in convert_to_idl
[0.608s]       return convert_srv_to_idl(
[0.608s]     File "/opt/ros/foxy/lib/python3.8/site-packages/rosidl_adapter/srv/__init__.py", line 28, in convert_srv_to_idl
[0.608s]       srv = parse_service_string(package_name, input_file.stem, content)
[0.608s]     File "/opt/ros/foxy/lib/python3.8/site-packages/rosidl_adapter/parser.py", line 843, in parse_service_string
[0.608s]       raise InvalidServiceSpecification(
[0.608s] 
[0.608s]   rosidl_adapter.parser.InvalidServiceSpecification: Could not find separator
[0.608s]   '---' between request and response
[0.608s] 
[0.608s] Call Stack (most recent call first):
[0.608s]   /opt/ros/foxy/share/rosidl_cmake/cmake/rosidl_generate_interfaces.cmake:130 (rosidl_adapt_interfaces)
[0.608s]   CMakeLists.txt:22 (rosidl_generate_interfaces)
[0.608s] 
[0.608s] 
[0.608s] -- Configuring incomplete, errors occurred!
[0.608s] See also "/home/navneeth/ros2_ws/build/my_robot_interfaces/CMakeFiles/CMakeOutput.log".
[0.612s] make: *** [Makefile:748: cmake_check_build_system] Error 1
[0.614s] Invoked command in '/home/navneeth/ros2_ws/build/my_robot_interfaces' returned '2': CMAKE_PREFIX_PATH=/home/navneeth/ros2_ws/install/my_robot_interfaces:/home/navneeth/ros2_ws/install/my_py_pkg:/opt/ros/foxy:/opt/ros/noetic /usr/bin/cmake --build /home/navneeth/ros2_ws/build/my_robot_interfaces -- -j8 -l8
